<?xml version="1.0" encoding="UTF-8"?>
<testng-results ignored="0" total="1" passed="1" failed="0" skipped="0">
  <reporter-output>
  </reporter-output>
  <suite started-at="2023-08-22T20:01:04 IST" name="Default suite" finished-at="2023-08-22T20:02:17 IST" duration-ms="72572">
    <groups>
    </groups>
    <test started-at="2023-08-22T20:01:04 IST" name="Default test" finished-at="2023-08-22T20:02:17 IST" duration-ms="72572">
      <class name="Sample.Test3">
        <test-method signature="parallel()[pri:0, instance:Sample.Test3@53aac487]" started-at="2023-08-22T20:01:04 IST" name="parallel" finished-at="2023-08-22T20:02:17 IST" duration-ms="72512" status="PASS">
          <reporter-output>
          </reporter-output>
        </test-method> <!-- parallel -->
      </class> <!-- Sample.Test3 -->
    </test> <!-- Default test -->
  </suite> <!-- Default suite -->
</testng-results>
