<?xml version="1.0" encoding="UTF-8"?>
<testng-results ignored="3" total="6" passed="3" failed="0" skipped="0">
  <reporter-output>
  </reporter-output>
  <suite started-at="2023-08-22T21:48:22 IST" name="Suite" finished-at="2023-08-22T21:49:06 IST" duration-ms="43824">
    <groups>
      <group name="Sanity">
        <method signature="Test1.newtest1()[pri:0, instance:Sample.Test1@7dfb0c0f]" name="newtest1" class="Sample.Test1"/>
      </group> <!-- Sanity -->
      <group name="Regression">
        <method signature="Test1.newtest3()[pri:0, instance:Sample.Test1@536f2a7e]" name="newtest3" class="Sample.Test1"/>
      </group> <!-- Regression -->
      <group name="Smoke">
        <method signature="Test1.newtest()[pri:0, instance:Sample.Test1@536f2a7e]" name="newtest" class="Sample.Test1"/>
      </group> <!-- Smoke -->
    </groups>
    <test started-at="2023-08-22T21:48:22 IST" name="Test1" finished-at="2023-08-22T21:48:51 IST" duration-ms="28128">
      <class name="Sample.Test1">
        <test-method signature="newtest()[pri:0, instance:Sample.Test1@536f2a7e]" started-at="2023-08-22T21:48:22 IST" name="newtest" finished-at="2023-08-22T21:48:37 IST" duration-ms="14083" status="PASS">
          <reporter-output>
          </reporter-output>
        </test-method> <!-- newtest -->
        <test-method signature="newtest3()[pri:0, instance:Sample.Test1@536f2a7e]" started-at="2023-08-22T21:48:37 IST" name="newtest3" finished-at="2023-08-22T21:48:51 IST" duration-ms="13930" status="PASS">
          <reporter-output>
          </reporter-output>
        </test-method> <!-- newtest3 -->
      </class> <!-- Sample.Test1 -->
    </test> <!-- Test1 -->
    <test started-at="2023-08-22T21:48:51 IST" name="Test2" finished-at="2023-08-22T21:49:06 IST" duration-ms="15524">
      <class name="Sample.Test1">
        <test-method signature="newtest1()[pri:0, instance:Sample.Test1@7dfb0c0f]" started-at="2023-08-22T21:48:51 IST" name="newtest1" finished-at="2023-08-22T21:49:06 IST" duration-ms="15520" status="PASS">
          <reporter-output>
          </reporter-output>
        </test-method> <!-- newtest1 -->
      </class> <!-- Sample.Test1 -->
    </test> <!-- Test2 -->
  </suite> <!-- Suite -->
</testng-results>
