<?xml version="1.0" encoding="UTF-8"?>
<!-- Generated by org.testng.reporters.JUnitXMLReporter -->
<testsuite ignored="2" hostname="DESKTOP-0PLJKRS" failures="0" tests="1" name="Test2" time="20.154" errors="0" timestamp="2023-08-22T18:57:26 IST">
  <testcase classname="Sample.Test1" name="newtest1" time="20.149"/>
  <testcase classname="Sample.Test1" name="newtest3" time="0.0">
    <ignored/>
  </testcase> <!-- newtest3 -->
  <testcase classname="Sample.Test1" name="newtest" time="0.0">
    <ignored/>
  </testcase> <!-- newtest -->
</testsuite> <!-- Test2 -->
