<?xml version="1.0" encoding="UTF-8"?>
<!-- Generated by org.testng.reporters.JUnitXMLReporter -->
<testsuite ignored="2" hostname="DESKTOP-0PLJKRS" failures="0" tests="2" name="Test" time="30.761" errors="0" timestamp="2023-08-22T19:28:02 IST">
  <testcase classname="Sample.Test2" name="Brokenlinks" time="19.622"/>
  <testcase classname="Sample.Test2" name="QSpidersDynamicdropdown" time="11.074"/>
  <testcase classname="Sample.Test2" name="ICCRankings" time="0.0">
    <ignored/>
  </testcase> <!-- ICCRankings -->
  <testcase classname="Sample.Test2" name="SwagLabs" time="0.0">
    <ignored/>
  </testcase> <!-- SwagLabs -->
</testsuite> <!-- Test -->
