<?xml version="1.0" encoding="UTF-8"?>
<!-- Generated by org.testng.reporters.JUnitXMLReporter -->
<testsuite ignored="1" hostname="DESKTOP-0PLJKRS" failures="0" tests="2" name="Test1" time="28.128" errors="0" timestamp="2023-08-22T21:48:51 IST">
  <testcase classname="Sample.Test1" name="newtest" time="14.083"/>
  <testcase classname="Sample.Test1" name="newtest3" time="13.93"/>
  <testcase classname="Sample.Test1" name="newtest1" time="0.0">
    <ignored/>
  </testcase> <!-- newtest1 -->
</testsuite> <!-- Test1 -->
